> load "ConjugacyClassesForG.m";
Loading "ConjugacyClassesForG.m"
n= 5 , d= 2
The group is D(2*5) Permutation group H acting on a set of cardinality 5
Order = 10 = 2 * 5
    (1, 2, 3, 4, 5)
    (1, 4)(2, 3)
The maximal number of orbits is 3
********
n= 5 , d= 3
The group is AGL(1, 5) Permutation group H acting on a set of cardinality 5
Order = 20 = 2^2 * 5
    (1, 2, 3, 4, 5)
    (1, 2, 4, 3)
The maximal number of orbits is 2
********
n= 5 , d= 4
The group is Alt(5) Permutation group H acting on a set of cardinality 5
Order = 60 = 2^2 * 3 * 5
    (3, 4, 5)
    (1, 2, 3)
The maximal number of orbits is 2
********
n= 5 , d= 5
The group is Sym(5) Symmetric group G acting on a set of cardinality 5
Order = 120 = 2^3 * 3 * 5
    (1, 2, 3, 4, 5)
    (1, 2)
The maximal number of orbits is 2
********
n= 6 , d= 1
The group is PSL(2, 5) Permutation group H acting on a set of cardinality 6
Order = 60 = 2^2 * 3 * 5
    (3, 4)(5, 6)
    (1, 6, 2)(3, 4, 5)
The maximal number of orbits is 2
********
n= 6 , d= 2
The group is PGL(2, 5) Permutation group H acting on a set of cardinality 6
Order = 120 = 2^3 * 3 * 5
    (3, 5, 4, 6)
    (1, 6, 2)(3, 4, 5)
The maximal number of orbits is 2
********
n= 6 , d= 3
The group is Alt(6) Permutation group H acting on a set of cardinality 6
Order = 360 = 2^3 * 3^2 * 5
    (1, 2)(3, 4, 5, 6)
    (1, 2, 3)
The maximal number of orbits is 2
********
n= 6 , d= 4
The group is Sym(6) Symmetric group G acting on a set of cardinality 6
Order = 720 = 2^4 * 3^2 * 5
    (1, 2, 3, 4, 5, 6)
    (1, 2)
The maximal number of orbits is 2
********
n= 7 , d= 5
The group is L(3, 2) Permutation group H acting on a set of cardinality 7
Order = 168 = 2^3 * 3 * 7
    (1, 4)(6, 7)
    (1, 3, 2)(4, 7, 5)
The maximal number of orbits is 2
********
n= 7 , d= 6
The group is Alt(7) Permutation group H acting on a set of cardinality 7
Order = 2520 = 2^3 * 3^2 * 5 * 7
    (3, 4, 5, 6, 7)
    (1, 2, 3)
The maximal number of orbits is 2
********
n= 7 , d= 7
The group is Sym(7) Symmetric group G acting on a set of cardinality 7
Order = 5040 = 2^4 * 3^2 * 5 * 7
    (1, 2, 3, 4, 5, 6, 7)
    (1, 2)
The maximal number of orbits is 2
********
n= 8 , d= 3
The group is ASL(3, 2) Permutation group H acting on a set of cardinality 8
Order = 1344 = 2^6 * 3 * 7
    (2, 3, 5, 4, 7, 8, 6)
    (3, 5)(4, 6)
    (1, 2)(3, 4)(5, 6)(7, 8)
The maximal number of orbits is 2
********
n= 8 , d= 6
The group is Alt(8) Permutation group H acting on a set of cardinality 8
Order = 20160 = 2^6 * 3^2 * 5 * 7
    (1, 2)(3, 4, 5, 6, 7, 8)
    (1, 2, 3)
The maximal number of orbits is 2
********
n= 8 , d= 7
The group is Sym(8) Symmetric group G acting on a set of cardinality 8
Order = 40320 = 2^7 * 3^2 * 5 * 7
    (1, 2, 3, 4, 5, 6, 7, 8)
    (1, 2)
The maximal number of orbits is 2
********
The exceptional subgroup of S5 is D(2*5)
The orbits are  [ 3 ]

